<?xml version="1.0" encoding="UTF-8"?>
<!-- Generated by org.testng.reporters.JUnitXMLReporter -->
<testsuite ignored="0" hostname="Jezz" failures="0" tests="4" name="Login-Section-Test" time="69.033" errors="0" timestamp="2025-07-28T22:24:14 WIB">
  <testcase classname="com.example.java.testcases.LoginTest" name="testEmptyFields" time="8.489"/>
  <testcase classname="com.example.java.testcases.LoginTest" name="testInvalidPassword" time="13.845"/>
  <testcase classname="com.example.java.testcases.LoginTest" name="testInvalidUsername" time="7.273"/>
  <testcase classname="com.example.java.testcases.LoginTest" name="testValidLogin" time="17.842"/>
</testsuite> <!-- Login-Section-Test -->
