<?xml version="1.0" encoding="UTF-8"?>
<testsuite xmlns:xsi="http://www.w3.org/2001/XMLSchema-instance" xsi:noNamespaceSchemaLocation="https://maven.apache.org/surefire/maven-surefire-plugin/xsd/surefire-test-report.xsd" name="TestSuite" time="69.957" tests="4" errors="0" skipped="0" failures="0">
  <properties>
[...]
</properties>
  <testcase name="testEmptyFields" classname="com.example.java.testcases.LoginTest" time="8.503"/>
  <testcase name="testInvalidPassword" classname="com.example.java.testcases.LoginTest" time="13.848"/>
  <testcase name="testInvalidUsername" classname="com.example.java.testcases.LoginTest" time="7.269"/>
  <testcase name="testValidLogin" classname="com.example.java.testcases.LoginTest" time="17.839"/>
</testsuite>